TN:
SF:script/BackfillV2Tournament.s.sol
DA:58,0
FN:58,BackfillV2Tournament.run
FNDA:0,BackfillV2Tournament.run
DA:59,0
BRDA:59,0,0,-
DA:60,0
DA:63,0
DA:64,0
DA:65,0
DA:67,0
DA:68,0
DA:70,0
DA:71,0
DA:73,0
DA:74,0
DA:75,0
DA:76,0
DA:77,0
DA:78,0
DA:80,0
BRDA:80,1,0,-
DA:81,0
DA:84,0
DA:89,0
BRDA:89,2,0,-
BRDA:89,2,1,-
DA:90,0
DA:91,0
DA:93,0
DA:101,0
DA:102,0
DA:113,0
DA:116,0
DA:117,0
DA:118,0
DA:119,0
DA:120,0
DA:121,0
DA:122,0
DA:123,0
DA:124,0
FNF:1
FNH:0
LF:35
LH:0
BRF:4
BRH:0
end_of_record
TN:
SF:script/BackfillV2TournamentsBatch.s.sol
DA:66,0
FN:66,BackfillV2TournamentsBatch.run
FNDA:0,BackfillV2TournamentsBatch.run
DA:67,0
BRDA:67,0,0,-
DA:68,0
DA:71,0
DA:72,0
DA:73,0
DA:75,0
DA:76,0
DA:78,0
DA:79,0
DA:81,0
DA:82,0
DA:83,0
DA:84,0
DA:85,0
DA:86,0
DA:88,0
BRDA:88,1,0,-
DA:89,0
DA:92,0
DA:96,0
BRDA:96,2,0,-
BRDA:96,2,1,-
DA:97,0
DA:98,0
DA:100,0
DA:103,0
DA:104,0
DA:105,0
DA:106,0
DA:107,0
DA:109,0
DA:111,0
DA:112,0
DA:113,0
DA:114,0
DA:117,0
DA:118,0
DA:119,0
DA:120,0
DA:121,0
DA:124,0
FN:124,BackfillV2TournamentsBatch._create
FNDA:0,BackfillV2TournamentsBatch._create
DA:128,0
DA:129,0
DA:134,0
FN:134,BackfillV2TournamentsBatch._verify
FNDA:0,BackfillV2TournamentsBatch._verify
DA:135,0
DA:136,0
DA:137,0
DA:138,0
DA:139,0
DA:140,0
DA:141,0
DA:142,0
BRDA:142,3,0,-
DA:143,0
FNF:3
FNH:0
LF:51
LH:0
BRF:5
BRH:0
end_of_record
TN:
SF:script/Deploy.s.sol
DA:8,0
FN:8,Deploy.run
FNDA:0,Deploy.run
DA:9,0
DA:10,0
DA:11,0
DA:12,0
DA:14,0
DA:15,0
DA:16,0
DA:17,0
DA:18,0
DA:19,0
DA:20,0
FNF:1
FNH:0
LF:12
LH:0
BRF:0
BRH:0
end_of_record
TN:
SF:script/DeployChallengeEscrow.s.sol
DA:31,0
FN:31,DeployChallengeEscrow.run
FNDA:0,DeployChallengeEscrow.run
DA:32,0
DA:33,0
DA:35,0
DA:36,0
DA:38,0
DA:39,0
BRDA:39,0,0,-
BRDA:39,0,1,-
DA:40,0
DA:41,0
BRDA:41,1,0,-
BRDA:41,1,1,-
DA:42,0
DA:45,0
DA:48,0
DA:49,0
DA:50,0
DA:51,0
DA:52,0
DA:53,0
DA:55,0
DA:57,0
DA:59,0
DA:61,0
DA:62,0
DA:63,0
DA:64,0
FNF:1
FNH:0
LF:24
LH:0
BRF:4
BRH:0
end_of_record
TN:
SF:script/DeploySkillbaseAnchor.s.sol
DA:29,0
FN:29,DeploySkillbaseAnchor.run
FNDA:0,DeploySkillbaseAnchor.run
DA:30,0
BRDA:30,0,0,-
BRDA:30,0,1,-
DA:35,0
DA:36,0
DA:37,0
DA:39,0
BRDA:39,1,0,-
BRDA:39,1,1,-
DA:41,0
DA:42,0
DA:43,0
DA:45,0
DA:47,0
DA:53,0
DA:55,0
DA:57,0
DA:58,0
DA:59,0
DA:60,0
DA:61,0
DA:62,0
DA:63,0
DA:64,0
DA:65,0
DA:66,0
DA:67,0
FNF:1
FNH:0
LF:24
LH:0
BRF:4
BRH:0
end_of_record
TN:
SF:script/DeploySponsorStack.s.sol
DA:42,0
FN:42,DeploySponsorStack.run
FNDA:0,DeploySponsorStack.run
DA:43,0
BRDA:43,0,0,-
DA:44,0
DA:47,0
DA:48,0
DA:49,0
DA:51,0
DA:52,0
DA:53,0
DA:54,0
DA:55,0
DA:60,0
DA:61,0
DA:63,0
DA:66,0
DA:69,0
DA:70,0
BRDA:70,1,0,-
BRDA:70,1,1,-
DA:73,0
DA:78,0
DA:79,0
DA:80,0
DA:83,0
DA:89,0
BRDA:89,2,0,-
BRDA:89,2,1,-
DA:91,0
DA:93,0
DA:94,0
DA:95,0
DA:96,0
DA:97,0
DA:98,0
DA:99,0
DA:100,0
DA:101,0
DA:102,0
FNF:1
FNH:0
LF:34
LH:0
BRF:5
BRH:0
end_of_record
TN:
SF:script/DeployTournamentPool.s.sol
DA:33,0
FN:33,DeployTournamentPool.run
FNDA:0,DeployTournamentPool.run
DA:34,0
BRDA:34,0,0,-
DA:35,0
DA:38,0
DA:39,0
DA:40,0
DA:42,0
DA:43,0
DA:44,0
DA:45,0
DA:46,0
DA:51,0
DA:52,0
DA:53,0
DA:55,0
DA:59,0
DA:62,0
DA:64,0
DA:67,0
BRDA:67,1,0,-
BRDA:67,1,1,-
DA:69,0
DA:70,0
DA:71,0
DA:72,0
DA:73,0
DA:74,0
DA:75,0
DA:76,0
DA:77,0
DA:78,0
DA:79,0
FNF:1
FNH:0
LF:30
LH:0
BRF:3
BRH:0
end_of_record
TN:
SF:script/SetTournamentPoolSigner.s.sol
DA:25,0
FN:25,SetTournamentPoolSigner.run
FNDA:0,SetTournamentPoolSigner.run
DA:26,0
BRDA:26,0,0,-
DA:27,0
DA:30,0
DA:31,0
DA:32,0
DA:34,0
DA:36,0
DA:37,0
DA:38,0
DA:39,0
DA:41,0
DA:42,0
DA:43,0
DA:45,0
FNF:1
FNH:0
LF:15
LH:0
BRF:1
BRH:0
end_of_record
TN:
SF:src/ArcadePool.sol
DA:48,22
FN:48,ArcadePool.constructor
FNDA:22,ArcadePool.constructor
DA:52,22
DA:53,22
DA:54,22
DA:57,20
FN:57,ArcadePool.createTournament
FNDA:20,ArcadePool.createTournament
DA:60,20
BRDA:60,0,0,-
BRDA:60,0,1,-
DA:61,19
BRDA:61,1,0,19
BRDA:61,1,1,18
DA:62,17
DA:63,17
DA:74,20
DA:77,19
FN:77,ArcadePool.enter
FNDA:19,ArcadePool.enter
DA:78,19
DA:79,19
BRDA:79,2,0,-
BRDA:79,2,1,-
DA:80,18
BRDA:80,3,0,-
BRDA:80,3,1,-
DA:81,17
BRDA:81,4,0,-
BRDA:81,4,1,-
DA:82,19
DA:83,16
DA:84,16
DA:85,19
DA:86,19
DA:89,12
FN:89,ArcadePool.submitScore
FNDA:12,ArcadePool.submitScore
DA:90,12
DA:91,12
BRDA:91,5,0,-
BRDA:91,5,1,-
DA:92,11
BRDA:92,6,0,-
BRDA:92,6,1,-
DA:93,10
BRDA:93,7,0,-
BRDA:93,7,1,-
DA:95,9
DA:96,9
DA:97,9
BRDA:97,8,0,-
BRDA:97,8,1,-
DA:99,8
DA:101,8
BRDA:101,9,0,7
DA:102,7
DA:103,7
BRDA:103,10,0,7
DA:104,7
DA:105,7
DA:108,8
DA:111,5
FN:111,ArcadePool.settle
FNDA:5,ArcadePool.settle
DA:112,5
DA:113,5
BRDA:113,11,0,-
BRDA:113,11,1,-
DA:114,4
BRDA:114,12,0,-
BRDA:114,12,1,-
DA:115,3
BRDA:115,13,0,-
BRDA:115,13,1,-
DA:116,3
DA:117,4
DA:118,5
DA:119,2
DA:120,4
DA:121,5
DA:124,2
FN:124,ArcadePool.refundIfEmpty
FNDA:2,ArcadePool.refundIfEmpty
DA:125,2
DA:126,2
BRDA:126,14,0,-
BRDA:126,14,1,-
DA:127,2
BRDA:127,15,0,-
BRDA:127,15,1,-
DA:128,2
BRDA:128,16,0,-
BRDA:128,16,1,-
DA:129,1
DA:130,2
DA:131,1
DA:132,2
DA:136,1
FN:136,ArcadePool.getPlayerCount
FNDA:1,ArcadePool.getPlayerCount
DA:137,1
DA:140,6
FN:140,ArcadePool.getTournament
FNDA:6,ArcadePool.getTournament
DA:141,6
DA:144,1
FN:144,ArcadePool.setScoreSigner
FNDA:1,ArcadePool.setScoreSigner
DA:145,1
FN:145,ArcadePool.setFeeRecipient
FNDA:1,ArcadePool.setFeeRecipient
DA:146,2
FN:146,ArcadePool.setProtocolFee
FNDA:2,ArcadePool.setProtocolFee
DA:147,2
BRDA:147,17,0,-
BRDA:147,17,1,-
DA:148,2
FNF:11
FNH:11
LF:64
LH:64
BRF:34
BRH:4
end_of_record
TN:
SF:src/ChallengeEscrow.sol
DA:105,25
FN:105,ChallengeEscrow.constructor
FNDA:25,ChallengeEscrow.constructor
DA:106,25
BRDA:106,0,0,-
DA:107,25
BRDA:107,1,0,-
DA:108,25
BRDA:108,2,0,-
DA:109,25
DA:110,25
DA:111,25
DA:122,23
FN:122,ChallengeEscrow.createChallenge
FNDA:23,ChallengeEscrow.createChallenge
DA:131,23
BRDA:131,3,0,1
DA:132,22
BRDA:132,4,0,1
DA:133,21
BRDA:133,5,0,1
DA:135,20
DA:137,20
DA:150,20
DA:155,15
FN:155,ChallengeEscrow.acceptChallenge
FNDA:15,ChallengeEscrow.acceptChallenge
DA:156,15
DA:157,15
BRDA:157,6,0,1
DA:158,14
BRDA:158,7,0,1
DA:159,13
BRDA:159,8,0,1
DA:160,12
BRDA:160,9,0,-
DA:162,12
DA:164,12
DA:165,12
DA:166,12
DA:168,12
DA:179,6
FN:179,ChallengeEscrow.settle
FNDA:6,ChallengeEscrow.settle
DA:189,6
DA:190,6
BRDA:190,10,0,1
DA:191,5
BRDA:191,11,0,1
DA:193,4
DA:195,3
DA:196,3
DA:197,3
DA:199,3
DA:200,3
DA:201,4
DA:203,3
DA:204,3
BRDA:204,12,0,3
DA:205,3
DA:208,4
DA:213,2
FN:213,ChallengeEscrow.expireOpen
FNDA:2,ChallengeEscrow.expireOpen
DA:214,2
DA:215,2
BRDA:215,13,0,-
DA:216,2
BRDA:216,14,0,1
DA:218,1
DA:219,1
DA:221,1
DA:226,2
FN:226,ChallengeEscrow.expireAccepted
FNDA:2,ChallengeEscrow.expireAccepted
DA:227,2
DA:228,2
BRDA:228,15,0,-
DA:229,2
BRDA:229,16,0,1
DA:231,1
DA:232,1
DA:233,1
DA:235,1
DA:244,3
FN:244,ChallengeEscrow.walkover
FNDA:3,ChallengeEscrow.walkover
DA:245,3
DA:246,3
BRDA:246,17,0,-
DA:247,3
BRDA:247,18,0,1
DA:248,2
BRDA:248,19,0,-
DA:250,2
DA:252,1
DA:253,1
DA:254,1
DA:256,1
DA:257,1
DA:258,2
DA:260,1
DA:261,1
BRDA:261,20,0,1
DA:262,1
DA:265,2
DA:271,2
FN:271,ChallengeEscrow.setFeeVault
FNDA:2,ChallengeEscrow.setFeeVault
DA:272,2
BRDA:272,21,0,1
DA:273,1
DA:274,1
DA:278,1
FN:278,ChallengeEscrow.setTrustedSigner
FNDA:1,ChallengeEscrow.setTrustedSigner
DA:279,1
BRDA:279,22,0,-
DA:280,1
DA:281,1
DA:286,1
FN:286,ChallengeEscrow.emergencyWithdraw
FNDA:1,ChallengeEscrow.emergencyWithdraw
DA:287,1
BRDA:287,23,0,-
DA:288,1
DA:289,1
DA:295,6
FN:295,ChallengeEscrow.getChallenge
FNDA:6,ChallengeEscrow.getChallenge
DA:296,6
DA:301,4
FN:301,ChallengeEscrow._verifySettleSignature
FNDA:4,ChallengeEscrow._verifySettleSignature
DA:311,4
DA:312,4
DA:313,4
DA:314,4
BRDA:314,24,0,1
DA:317,2
FN:317,ChallengeEscrow._verifyWalkoverSignature
FNDA:2,ChallengeEscrow._verifyWalkoverSignature
DA:318,2
DA:319,2
DA:320,2
DA:321,2
BRDA:321,25,0,1
FNF:13
FNH:13
LF:95
LH:95
BRF:26
BRH:16
end_of_record
TN:
SF:src/DevAttributionNFT.sol
DA:66,128
FN:66,DevAttributionNFT.constructor
FNDA:128,DevAttributionNFT.constructor
DA:67,128
BRDA:67,0,0,1
DA:68,127
DA:79,105
FN:79,DevAttributionNFT.mint
FNDA:105,DevAttributionNFT.mint
DA:80,105
BRDA:80,1,0,1
DA:81,104
BRDA:81,2,0,1
DA:82,103
DA:83,103
DA:84,103
DA:91,3
FN:91,DevAttributionNFT.locked
FNDA:3,DevAttributionNFT.locked
DA:92,3
DA:93,2
DA:100,1
FN:100,DevAttributionNFT.approve
FNDA:1,DevAttributionNFT.approve
DA:101,1
DA:105,1
FN:105,DevAttributionNFT.setApprovalForAll
FNDA:1,DevAttributionNFT.setApprovalForAll
DA:106,1
DA:110,5
FN:110,DevAttributionNFT.supportsInterface
FNDA:5,DevAttributionNFT.supportsInterface
DA:111,5
DA:116,107
FN:116,DevAttributionNFT._update
FNDA:107,DevAttributionNFT._update
DA:117,107
DA:118,107
BRDA:118,3,0,5
DA:119,102
FNF:7
FNH:7
LF:22
LH:22
BRF:4
BRH:4
end_of_record
TN:
SF:src/MockSanctionsOracle.sol
DA:29,1
FN:29,MockSanctionsOracle.addToBlacklist
FNDA:1,MockSanctionsOracle.addToBlacklist
DA:30,1
BRDA:30,0,0,-
DA:31,1
DA:32,1
DA:36,0
FN:36,MockSanctionsOracle.removeFromBlacklist
FNDA:0,MockSanctionsOracle.removeFromBlacklist
DA:37,0
DA:38,0
DA:42,10
FN:42,MockSanctionsOracle.isSanctioned
FNDA:10,MockSanctionsOracle.isSanctioned
DA:43,10
FNF:3
FNH:2
LF:9
LH:6
BRF:1
BRH:0
end_of_record
TN:
SF:src/SkillbaseAnchor.sol
DA:63,14
FN:63,SkillbaseAnchor.onlyAnchor
FNDA:14,SkillbaseAnchor.onlyAnchor
DA:64,14
BRDA:64,0,0,2
DA:70,18
FN:70,SkillbaseAnchor.constructor
FNDA:18,SkillbaseAnchor.constructor
DA:71,17
BRDA:71,1,0,-
DA:79,12
FN:79,SkillbaseAnchor.anchorSnapshot
FNDA:12,SkillbaseAnchor.anchorSnapshot
DA:83,12
BRDA:83,2,0,1
DA:84,11
BRDA:84,3,0,-
DA:85,11
BRDA:85,4,0,1
DA:87,10
DA:88,10
DA:90,10
DA:98,7
FN:98,SkillbaseAnchor.getSnapshotHash
FNDA:7,SkillbaseAnchor.getSnapshotHash
DA:99,7
DA:106,3
FN:106,SkillbaseAnchor.verifySnapshot
FNDA:3,SkillbaseAnchor.verifySnapshot
DA:110,3
DA:118,20
FN:118,SkillbaseAnchor.setAuthorizedAnchor
FNDA:20,SkillbaseAnchor.setAuthorizedAnchor
DA:119,20
BRDA:119,5,0,1
DA:120,19
DA:121,19
FNF:6
FNH:6
LF:19
LH:19
BRF:6
BRH:4
end_of_record
TN:
SF:src/SponsorReceiptSBT.sol
DA:66,28
FN:66,SponsorReceiptSBT.constructor
FNDA:28,SponsorReceiptSBT.constructor
DA:67,28
BRDA:67,0,0,1
DA:68,27
DA:79,20
FN:79,SponsorReceiptSBT.mint
FNDA:20,SponsorReceiptSBT.mint
DA:80,20
BRDA:80,1,0,1
DA:81,19
BRDA:81,2,0,1
DA:84,18
DA:87,18
DA:94,18
DA:95,18
DA:101,4
FN:101,SponsorReceiptSBT.locked
FNDA:4,SponsorReceiptSBT.locked
DA:102,4
BRDA:102,3,0,1
DA:103,3
DA:107,2
FN:107,SponsorReceiptSBT.supportsInterface
FNDA:2,SponsorReceiptSBT.supportsInterface
DA:108,2
DA:115,21
FN:115,SponsorReceiptSBT._update
FNDA:21,SponsorReceiptSBT._update
DA:116,21
DA:117,21
BRDA:117,4,0,3
DA:118,18
DA:123,1
FN:123,SponsorReceiptSBT.approve
FNDA:1,SponsorReceiptSBT.approve
DA:124,1
DA:128,1
FN:128,SponsorReceiptSBT.setApprovalForAll
FNDA:1,SponsorReceiptSBT.setApprovalForAll
DA:129,1
DA:137,2
FN:137,SponsorReceiptSBT.tokenURI
FNDA:2,SponsorReceiptSBT.tokenURI
DA:138,2
BRDA:138,5,0,1
DA:139,1
DA:140,1
DA:141,1
DA:147,1
FN:147,SponsorReceiptSBT._buildJSON
FNDA:1,SponsorReceiptSBT._buildJSON
DA:148,1
DA:153,1
DA:160,1
DA:163,1
FN:163,SponsorReceiptSBT._toHexString
FNDA:1,SponsorReceiptSBT._toHexString
DA:164,1
DA:165,1
DA:166,1
DA:167,32
DA:168,32
DA:170,1
FNF:10
FNH:10
LF:39
LH:39
BRF:6
BRH:6
end_of_record
TN:
SF:src/SponsorshipModule.sol
DA:88,11
FN:88,SponsorshipModule.constructor
FNDA:11,SponsorshipModule.constructor
DA:94,11
BRDA:94,0,0,-
DA:95,11
BRDA:95,1,0,-
DA:96,11
BRDA:96,2,0,-
DA:97,11
BRDA:97,3,0,-
DA:99,11
DA:100,11
DA:101,11
DA:102,11
DA:106,11
DA:122,11
FN:122,SponsorshipModule.sponsorPool
FNDA:11,SponsorshipModule.sponsorPool
DA:127,11
BRDA:127,4,0,1
DA:128,10
BRDA:128,5,0,1
DA:130,9
DA:131,8
DA:135,6
DA:136,6
BRDA:136,6,0,5
DA:137,5
DA:139,5
DA:143,6
DA:145,6
DA:151,2
FN:151,SponsorshipModule.setSanctionsOracle
FNDA:2,SponsorshipModule.setSanctionsOracle
DA:152,2
BRDA:152,7,0,1
DA:153,1
DA:154,1
DA:155,1
FNF:3
FNH:3
LF:26
LH:26
BRF:8
BRH:4
end_of_record
TN:
SF:src/TournamentPool.sol
DA:305,110
FN:305,TournamentPool.constructor
FNDA:110,TournamentPool.constructor
DA:306,110
BRDA:306,0,0,-
DA:307,110
BRDA:307,1,0,-
DA:308,110
BRDA:308,2,0,-
DA:309,110
DA:310,110
DA:311,110
DA:330,104
FN:330,TournamentPool.createTournament
FNDA:104,TournamentPool.createTournament
DA:340,104
BRDA:340,3,0,1
DA:341,103
BRDA:341,4,0,2
DA:342,101
BRDA:342,5,0,1
DA:343,100
BRDA:343,6,0,1
DA:345,99
DA:347,99
DA:348,99
DA:349,99
DA:350,99
DA:351,99
DA:352,99
DA:353,99
DA:354,99
DA:355,99
DA:357,99
DA:366,99
BRDA:366,7,0,95
DA:367,95
DA:368,95
DA:389,21
FN:389,TournamentPool.fundPrizePool
FNDA:21,TournamentPool.fundPrizePool
DA:390,21
BRDA:390,8,0,1
DA:391,20
DA:392,20
BRDA:392,9,0,2
DA:393,2
BRDA:393,10,0,2
DA:395,16
DA:396,16
DA:398,16
DA:409,148
FN:409,TournamentPool.submitScore
FNDA:148,TournamentPool.submitScore
DA:417,148
DA:418,148
BRDA:418,11,0,1
DA:419,0
BRDA:419,12,0,-
DA:420,147
BRDA:420,13,0,1
DA:421,146
BRDA:421,14,0,1
DA:422,1
BRDA:422,15,0,1
DA:423,144
BRDA:423,16,0,-
DA:425,144
DA:427,143
DA:429,143
BRDA:429,17,0,140
DA:430,140
DA:431,140
DA:434,143
BRDA:434,18,0,141
DA:435,141
DA:437,143
DA:439,143
DA:443,144
DA:463,80
FN:463,TournamentPool.submitSoloScore
FNDA:80,TournamentPool.submitSoloScore
DA:472,80
DA:473,80
BRDA:473,19,0,-
DA:474,0
BRDA:474,20,0,-
DA:475,80
BRDA:475,21,0,-
DA:476,80
BRDA:476,22,0,-
DA:477,2
BRDA:477,23,0,2
DA:478,78
BRDA:478,24,0,-
DA:480,78
DA:482,77
DA:485,77
DA:486,77
BRDA:486,25,0,3
DA:487,3
DA:489,74
DA:491,74
BRDA:491,26,0,26
DA:492,26
DA:493,26
DA:496,74
BRDA:496,27,0,58
DA:497,58
DA:499,74
DA:501,74
DA:505,74
DA:524,83
FN:524,TournamentPool.chargeEntryFee
FNDA:83,TournamentPool.chargeEntryFee
DA:525,83
BRDA:525,28,0,2
DA:526,81
DA:527,81
BRDA:527,29,0,1
DA:528,0
BRDA:528,30,0,-
DA:529,80
BRDA:529,31,0,-
DA:530,80
BRDA:530,32,0,1
DA:532,79
DA:534,78
DA:535,78
DA:537,78
DA:538,78
DA:539,78
DA:541,79
DA:546,6
FN:546,TournamentPool.flagScore
FNDA:6,TournamentPool.flagScore
DA:547,6
DA:548,6
BRDA:548,33,0,-
DA:549,1
BRDA:549,34,0,1
DA:550,5
BRDA:550,35,0,1
DA:552,4
DA:553,4
DA:563,32
FN:563,TournamentPool.settle
FNDA:32,TournamentPool.settle
DA:564,32
DA:565,32
BRDA:565,36,0,-
DA:566,1
BRDA:566,37,0,1
DA:567,31
BRDA:567,38,0,1
DA:569,30
DA:570,30
BRDA:570,39,0,2
DA:574,28
DA:576,28
DA:578,28
DA:580,24
DA:581,24
BRDA:581,40,0,15
DA:582,15
DA:583,15
DA:586,28
DA:591,1
FN:591,TournamentPool.setTrustedSigner
FNDA:1,TournamentPool.setTrustedSigner
DA:592,1
BRDA:592,41,0,-
DA:593,1
DA:594,1
DA:609,17
FN:609,TournamentPool.withdrawFeesToDev
FNDA:17,TournamentPool.withdrawFeesToDev
DA:610,17
DA:611,17
BRDA:611,42,0,5
DA:612,12
DA:613,12
BRDA:613,43,0,3
DA:614,9
DA:615,9
DA:616,9
DA:627,11
FN:627,TournamentPool.withdrawFeesToPlatform
FNDA:11,TournamentPool.withdrawFeesToPlatform
DA:628,11
DA:629,11
BRDA:629,44,0,2
DA:630,9
DA:631,9
DA:632,9
DA:636,1
FN:636,TournamentPool.emergencyWithdraw
FNDA:1,TournamentPool.emergencyWithdraw
DA:637,1
BRDA:637,45,0,-
DA:638,1
DA:639,1
DA:644,21
FN:644,TournamentPool.getTournament
FNDA:21,TournamentPool.getTournament
DA:645,21
DA:648,0
FN:648,TournamentPool.getParticipants
FNDA:0,TournamentPool.getParticipants
DA:649,0
DA:652,2
FN:652,TournamentPool.participantCount
FNDA:2,TournamentPool.participantCount
DA:653,2
DA:658,5
FN:658,TournamentPool.effectiveScoreOf
FNDA:5,TournamentPool.effectiveScoreOf
DA:659,1
BRDA:659,46,0,1
DA:660,4
DA:661,4
DA:666,1
FN:666,TournamentPool.getRanking
FNDA:1,TournamentPool.getRanking
DA:667,1
DA:668,1
DA:670,1
DA:671,1
DA:672,3
BRDA:672,47,0,2
DA:675,1
DA:676,1
DA:677,1
DA:678,3
DA:679,1
BRDA:679,48,0,1
DA:680,2
DA:687,1
DA:688,1
DA:689,1
DA:690,2
DA:691,1
DA:693,1
DA:696,1
DA:699,1
DA:703,2
FN:703,TournamentPool.submissionHistoryLength
FNDA:2,TournamentPool.submissionHistoryLength
DA:704,2
DA:708,4
FN:708,TournamentPool.submissionAt
FNDA:4,TournamentPool.submissionAt
DA:709,4
DA:714,128
FN:714,TournamentPool._computeEffectiveScore
FNDA:128,TournamentPool._computeEffectiveScore
DA:715,128
DA:716,128
DA:719,144
FN:719,TournamentPool._verifySubmitSignature
FNDA:144,TournamentPool._verifySubmitSignature
DA:727,144
DA:728,144
DA:729,144
DA:730,144
BRDA:730,49,0,1
DA:733,78
FN:733,TournamentPool._verifySoloSubmitSignature
FNDA:78,TournamentPool._verifySoloSubmitSignature
DA:742,78
DA:745,78
DA:746,78
DA:747,78
BRDA:747,50,0,1
DA:750,30
FN:750,TournamentPool._countNonExcluded
FNDA:30,TournamentPool._countNonExcluded
DA:751,30
DA:752,30
DA:753,141
BRDA:753,51,0,138
DA:755,138
DA:761,28
FN:761,TournamentPool._verifyRanking
FNDA:28,TournamentPool._verifyRanking
DA:762,28
DA:763,0
DA:764,28
DA:766,28
DA:767,125
DA:768,125
BRDA:768,52,0,1
DA:769,1
BRDA:769,53,0,1
DA:770,1
BRDA:770,54,0,1
DA:771,122
DA:773,122
DA:774,122
BRDA:774,55,0,1
DA:775,121
DA:779,24
FN:779,TournamentPool._distributePrizes
FNDA:24,TournamentPool._distributePrizes
DA:783,24
DA:784,24
BRDA:784,56,0,3
DA:786,21
DA:789,21
BRDA:789,57,0,8
DA:790,8
DA:791,8
DA:792,8
DA:795,13
DA:798,13
DA:799,13
DA:800,13
DA:801,13
DA:805,13
DA:806,13
DA:807,13
DA:808,16
DA:809,16
DA:813,13
BRDA:813,58,0,1
DA:814,1
DA:815,1
DA:816,1
DA:817,1
BRDA:817,59,0,1
DA:818,1
DA:819,5
DA:820,5
DA:826,60
FN:826,TournamentPool._pay
FNDA:60,TournamentPool._pay
DA:827,60
BRDA:827,60,0,1
DA:828,59
DA:829,59
DA:830,59
FNF:26
FNH:25
LF:228
LH:222
BRF:61
BRH:45
end_of_record
TN:
SF:test/ArcadePool.t.sol
DA:12,66
FN:12,MockUSDC.mint
FNDA:66,MockUSDC.mint
DA:13,66
DA:15,0
FN:15,MockUSDC.decimals
FNDA:0,MockUSDC.decimals
DA:16,0
FNF:2
FNH:1
LF:4
LH:2
BRF:0
BRH:0
end_of_record
TN:
SF:test/ChallengeEscrow.t.sol
DA:14,75
FN:14,MockUSDC.mint
FNDA:75,MockUSDC.mint
DA:15,75
DA:18,0
FN:18,MockUSDC.decimals
FNDA:0,MockUSDC.decimals
DA:19,0
FNF:2
FNH:1
LF:4
LH:2
BRF:0
BRH:0
end_of_record
TN:
SF:test/SponsorshipModule.t.sol
DA:18,20
FN:18,MockUSDC.mint
FNDA:20,MockUSDC.mint
DA:19,20
DA:22,0
FN:22,MockUSDC.decimals
FNDA:0,MockUSDC.decimals
DA:23,0
FNF:2
FNH:1
LF:4
LH:2
BRF:0
BRH:0
end_of_record
TN:
SF:test/TournamentPool.t.sol
DA:19,148
FN:19,MockUSDC.mint
FNDA:148,MockUSDC.mint
DA:20,148
DA:23,0
FN:23,MockUSDC.decimals
FNDA:0,MockUSDC.decimals
DA:24,0
FNF:2
FNH:1
LF:4
LH:2
BRF:0
BRH:0
end_of_record
TN:
SF:test/mocks/MaliciousMockDevNFT.sol
DA:41,2
FN:41,MaliciousMockDevNFT.constructor
FNDA:2,MaliciousMockDevNFT.constructor
DA:42,2
DA:51,2
FN:51,MaliciousMockDevNFT.mint
FNDA:2,MaliciousMockDevNFT.mint
DA:52,2
BRDA:52,0,0,-
DA:53,2
DA:54,2
DA:55,2
FNF:2
FNH:2
LF:7
LH:7
BRF:1
BRH:0
end_of_record
TN:
SF:test/mocks/MaliciousReentrantDev.sol
DA:44,1
FN:44,MaliciousReentrantDev.constructor
FNDA:1,MaliciousReentrantDev.constructor
DA:45,1
DA:48,1
FN:48,MaliciousReentrantDev.setExpectedTournamentId
FNDA:1,MaliciousReentrantDev.setExpectedTournamentId
DA:49,1
DA:57,1
FN:57,MaliciousReentrantDev.onERC721Received
FNDA:1,MaliciousReentrantDev.onERC721Received
DA:59,1
BRDA:59,0,0,1
DA:69,0
DA:70,1
BRDA:70,0,1,1
DA:71,1
DA:72,1
DA:76,1
BRDA:76,1,0,1
DA:77,0
DA:78,1
BRDA:78,1,1,1
DA:79,1
DA:80,1
DA:85,1
DA:86,1
BRDA:86,2,0,1
DA:87,0
DA:88,1
BRDA:88,2,1,1
DA:89,1
DA:90,1
DA:94,1
BRDA:94,3,0,1
DA:95,0
DA:96,1
BRDA:96,3,1,1
DA:97,1
DA:98,1
DA:102,1
BRDA:102,4,0,1
DA:103,0
DA:104,1
BRDA:104,4,1,1
DA:105,1
DA:106,1
DA:109,1
FNF:3
FNH:3
LF:32
LH:27
BRF:10
BRH:10
end_of_record
